<?xml version="1.0" encoding="UTF-8"?>
<testng-results ignored="0" total="8" passed="7" failed="1" skipped="0">
  <reporter-output>
  </reporter-output>
  <suite started-at="2020-04-26T10:43:16 ICT" name="Suite" finished-at="2020-04-26T10:45:12 ICT" duration-ms="115488">
    <groups>
    </groups>
    <test started-at="2020-04-26T10:43:16 ICT" name="Test" finished-at="2020-04-26T10:45:12 ICT" duration-ms="115488">
      <class name="KarrosTechPJ.Karros.Filters.TC_Request_Status">
        <test-method is-config="true" signature="beforeMethod()[pri:0, instance:KarrosTechPJ.Karros.Filters.TC_Request_Status@2805c96b]" started-at="2020-04-26T10:44:09 ICT" name="beforeMethod" finished-at="2020-04-26T10:44:18 ICT" duration-ms="9797" status="PASS">
          <reporter-output>
          </reporter-output>
        </test-method> <!-- beforeMethod -->
        <test-method signature="TO_Request_Status()[pri:0, instance:KarrosTechPJ.Karros.Filters.TC_Request_Status@2805c96b]" started-at="2020-04-26T10:44:18 ICT" name="TO_Request_Status" finished-at="2020-04-26T10:44:23 ICT" duration-ms="4558" status="FAIL">
          <exception class="java.lang.AssertionError">
            <message>
              <![CDATA[expected [3] but found [9]]]>
            </message>
            <full-stacktrace>
              <![CDATA[java.lang.AssertionError: expected [3] but found [9]
at org.testng.Assert.fail(Assert.java:97)
at org.testng.Assert.assertEqualsImpl(Assert.java:136)
at org.testng.Assert.assertEquals(Assert.java:118)
at org.testng.Assert.assertEquals(Assert.java:839)
at org.testng.Assert.assertEquals(Assert.java:849)
at KarrosTechPJ.Karros.Filters.TC_Request_Status.TO_Request_Status(TC_Request_Status.java:64)
at java.base/jdk.internal.reflect.NativeMethodAccessorImpl.invoke0(Native Method)
at java.base/jdk.internal.reflect.NativeMethodAccessorImpl.invoke(NativeMethodAccessorImpl.java:62)
at java.base/jdk.internal.reflect.DelegatingMethodAccessorImpl.invoke(DelegatingMethodAccessorImpl.java:43)
at java.base/java.lang.reflect.Method.invoke(Method.java:564)
at org.testng.internal.MethodInvocationHelper.invokeMethod(MethodInvocationHelper.java:134)
at org.testng.internal.TestInvoker.invokeMethod(TestInvoker.java:597)
at org.testng.internal.TestInvoker.invokeTestMethod(TestInvoker.java:173)
at org.testng.internal.MethodRunner.runInSequence(MethodRunner.java:46)
at org.testng.internal.TestInvoker$MethodInvocationAgent.invoke(TestInvoker.java:816)
at org.testng.internal.TestInvoker.invokeTestMethods(TestInvoker.java:146)
at org.testng.internal.TestMethodWorker.invokeTestMethods(TestMethodWorker.java:146)
at org.testng.internal.TestMethodWorker.run(TestMethodWorker.java:128)
at java.base/java.util.ArrayList.forEach(ArrayList.java:1510)
at org.testng.TestRunner.privateRun(TestRunner.java:766)
at org.testng.TestRunner.run(TestRunner.java:587)
at org.testng.SuiteRunner.runTest(SuiteRunner.java:384)
at org.testng.SuiteRunner.runSequentially(SuiteRunner.java:378)
at org.testng.SuiteRunner.privateRun(SuiteRunner.java:337)
at org.testng.SuiteRunner.run(SuiteRunner.java:286)
at org.testng.SuiteRunnerWorker.runSuite(SuiteRunnerWorker.java:53)
at org.testng.SuiteRunnerWorker.run(SuiteRunnerWorker.java:96)
at org.testng.TestNG.runSuitesSequentially(TestNG.java:1187)
at org.testng.TestNG.runSuitesLocally(TestNG.java:1109)
at org.testng.TestNG.runSuites(TestNG.java:1039)
at org.testng.TestNG.run(TestNG.java:1007)
at org.testng.remote.AbstractRemoteTestNG.run(AbstractRemoteTestNG.java:115)
at org.testng.remote.RemoteTestNG.initAndRun(RemoteTestNG.java:251)
at org.testng.remote.RemoteTestNG.main(RemoteTestNG.java:77)
]]>
            </full-stacktrace>
          </exception> <!-- java.lang.AssertionError -->
          <reporter-output>
          </reporter-output>
        </test-method> <!-- TO_Request_Status -->
        <test-method is-config="true" signature="afterMethod()[pri:0, instance:KarrosTechPJ.Karros.Filters.TC_Request_Status@2805c96b]" started-at="2020-04-26T10:44:23 ICT" name="afterMethod" finished-at="2020-04-26T10:44:23 ICT" duration-ms="84" status="PASS">
          <reporter-output>
          </reporter-output>
        </test-method> <!-- afterMethod -->
      </class> <!-- KarrosTechPJ.Karros.Filters.TC_Request_Status -->
      <class name="KarrosTechPJ.Karros.API.TC_PostAPI">
        <test-method is-config="true" signature="beforeMethod()[pri:0, instance:KarrosTechPJ.Karros.API.TC_PostAPI@184cf7cf]" started-at="2020-04-26T10:44:23 ICT" name="beforeMethod" finished-at="2020-04-26T10:44:23 ICT" duration-ms="1" status="PASS">
          <reporter-output>
          </reporter-output>
        </test-method> <!-- beforeMethod -->
        <test-method signature="TO_API_001()[pri:0, instance:KarrosTechPJ.Karros.API.TC_PostAPI@184cf7cf]" started-at="2020-04-26T10:44:23 ICT" name="TO_API_001" finished-at="2020-04-26T10:44:28 ICT" duration-ms="4582" status="PASS">
          <reporter-output>
          </reporter-output>
        </test-method> <!-- TO_API_001 -->
        <test-method is-config="true" signature="beforeMethod()[pri:0, instance:KarrosTechPJ.Karros.API.TC_PostAPI@184cf7cf]" started-at="2020-04-26T10:44:28 ICT" name="beforeMethod" finished-at="2020-04-26T10:44:28 ICT" duration-ms="0" status="PASS">
          <reporter-output>
          </reporter-output>
        </test-method> <!-- beforeMethod -->
        <test-method signature="TO_API_002()[pri:0, instance:KarrosTechPJ.Karros.API.TC_PostAPI@184cf7cf]" started-at="2020-04-26T10:44:28 ICT" name="TO_API_002" finished-at="2020-04-26T10:44:31 ICT" duration-ms="3274" status="PASS">
          <reporter-output>
          </reporter-output>
        </test-method> <!-- TO_API_002 -->
        <test-method signature="TO_API_003()[pri:0, instance:KarrosTechPJ.Karros.API.TC_PostAPI@184cf7cf]" started-at="2020-04-26T10:44:31 ICT" name="TO_API_003" finished-at="2020-04-26T10:44:38 ICT" duration-ms="6964" status="PASS">
          <reporter-output>
          </reporter-output>
        </test-method> <!-- TO_API_003 -->
        <test-method is-config="true" signature="beforeMethod()[pri:0, instance:KarrosTechPJ.Karros.API.TC_PostAPI@184cf7cf]" started-at="2020-04-26T10:44:31 ICT" name="beforeMethod" finished-at="2020-04-26T10:44:31 ICT" duration-ms="0" status="PASS">
          <reporter-output>
          </reporter-output>
        </test-method> <!-- beforeMethod -->
        <test-method signature="TO_API_004()[pri:0, instance:KarrosTechPJ.Karros.API.TC_PostAPI@184cf7cf]" started-at="2020-04-26T10:44:38 ICT" name="TO_API_004" finished-at="2020-04-26T10:44:43 ICT" duration-ms="5319" status="PASS">
          <reporter-output>
          </reporter-output>
        </test-method> <!-- TO_API_004 -->
        <test-method is-config="true" signature="beforeMethod()[pri:0, instance:KarrosTechPJ.Karros.API.TC_PostAPI@184cf7cf]" started-at="2020-04-26T10:44:38 ICT" name="beforeMethod" finished-at="2020-04-26T10:44:38 ICT" duration-ms="0" status="PASS">
          <reporter-output>
          </reporter-output>
        </test-method> <!-- beforeMethod -->
        <test-method is-config="true" signature="beforeMethod()[pri:0, instance:KarrosTechPJ.Karros.API.TC_PostAPI@184cf7cf]" started-at="2020-04-26T10:44:43 ICT" name="beforeMethod" finished-at="2020-04-26T10:44:43 ICT" duration-ms="0" status="PASS">
          <reporter-output>
          </reporter-output>
        </test-method> <!-- beforeMethod -->
        <test-method signature="TO_API_005()[pri:0, instance:KarrosTechPJ.Karros.API.TC_PostAPI@184cf7cf]" started-at="2020-04-26T10:44:43 ICT" name="TO_API_005" finished-at="2020-04-26T10:44:45 ICT" duration-ms="1737" status="PASS">
          <reporter-output>
          </reporter-output>
        </test-method> <!-- TO_API_005 -->
        <test-method is-config="true" signature="beforeMethod()[pri:0, instance:KarrosTechPJ.Karros.API.TC_PostAPI@184cf7cf]" started-at="2020-04-26T10:44:45 ICT" name="beforeMethod" finished-at="2020-04-26T10:44:45 ICT" duration-ms="0" status="PASS">
          <reporter-output>
          </reporter-output>
        </test-method> <!-- beforeMethod -->
        <test-method signature="TO_API_006()[pri:0, instance:KarrosTechPJ.Karros.API.TC_PostAPI@184cf7cf]" started-at="2020-04-26T10:44:45 ICT" name="TO_API_006" finished-at="2020-04-26T10:45:12 ICT" duration-ms="26724" status="PASS">
          <reporter-output>
          </reporter-output>
        </test-method> <!-- TO_API_006 -->
      </class> <!-- KarrosTechPJ.Karros.API.TC_PostAPI -->
      <class name="KarrosTechPJ.Karros.RequestAccess.TC_Sort_First_Name">
        <test-method is-config="true" signature="beforeMethod()[pri:0, instance:KarrosTechPJ.Karros.RequestAccess.TC_Sort_First_Name@4fe767f3]" started-at="2020-04-26T10:43:16 ICT" name="beforeMethod" finished-at="2020-04-26T10:43:27 ICT" duration-ms="10437" status="PASS">
          <reporter-output>
          </reporter-output>
        </test-method> <!-- beforeMethod -->
        <test-method signature="TO_Sort_First_Name()[pri:0, instance:KarrosTechPJ.Karros.RequestAccess.TC_Sort_First_Name@4fe767f3]" started-at="2020-04-26T10:43:27 ICT" name="TO_Sort_First_Name" finished-at="2020-04-26T10:44:08 ICT" duration-ms="41887" status="PASS">
          <reporter-output>
          </reporter-output>
        </test-method> <!-- TO_Sort_First_Name -->
        <test-method is-config="true" signature="afterMethod()[pri:0, instance:KarrosTechPJ.Karros.RequestAccess.TC_Sort_First_Name@4fe767f3]" started-at="2020-04-26T10:44:08 ICT" name="afterMethod" finished-at="2020-04-26T10:44:09 ICT" duration-ms="85" status="PASS">
          <reporter-output>
          </reporter-output>
        </test-method> <!-- afterMethod -->
      </class> <!-- KarrosTechPJ.Karros.RequestAccess.TC_Sort_First_Name -->
    </test> <!-- Test -->
  </suite> <!-- Suite -->
</testng-results>
