<?xml version="1.0" encoding="UTF-8"?>
<testng-results ignored="0" total="1" passed="1" failed="0" skipped="0">
  <reporter-output>
  </reporter-output>
  <suite started-at="2020-04-23T17:33:12 ICT" name="Default suite" finished-at="2020-04-23T17:34:10 ICT" duration-ms="58275">
    <groups>
    </groups>
    <test started-at="2020-04-23T17:33:12 ICT" name="Default test" finished-at="2020-04-23T17:34:10 ICT" duration-ms="58275">
      <class name="KarrosTechPJ.Karros.NewTest">
        <test-method is-config="true" signature="beforeMethod()[pri:0, instance:KarrosTechPJ.Karros.NewTest@7f010382]" started-at="2020-04-23T17:33:12 ICT" name="beforeMethod" finished-at="2020-04-23T17:33:28 ICT" duration-ms="15722" status="PASS">
          <reporter-output>
          </reporter-output>
        </test-method> <!-- beforeMethod -->
        <test-method signature="f()[pri:0, instance:KarrosTechPJ.Karros.NewTest@7f010382]" started-at="2020-04-23T17:33:28 ICT" name="f" finished-at="2020-04-23T17:34:10 ICT" duration-ms="42523" status="PASS">
          <reporter-output>
          </reporter-output>
        </test-method> <!-- f -->
        <test-method is-config="true" signature="afterMethod()[pri:0, instance:KarrosTechPJ.Karros.NewTest@7f010382]" started-at="2020-04-23T17:34:10 ICT" name="afterMethod" finished-at="2020-04-23T17:34:10 ICT" duration-ms="0" status="PASS">
          <reporter-output>
          </reporter-output>
        </test-method> <!-- afterMethod -->
      </class> <!-- KarrosTechPJ.Karros.NewTest -->
    </test> <!-- Default test -->
  </suite> <!-- Default suite -->
</testng-results>
